# Performance e Otimiza√ß√£o de Queries

## üéØ O que √© Performance em SQL?

Performance √© sobre **usar recursos eficientemente** - menos CPU, mem√≥ria e I/O significa queries mais r√°pidas.

## üìä EXPLAIN ANALYZE - Seu Melhor Amigo

O `EXPLAIN ANALYZE` mostra como o PostgreSQL executa sua query:

```sql
EXPLAIN ANALYZE
SELECT u.full_name, COUNT(*) as total_transacoes
FROM users u
JOIN transactions t ON u.id = t.user_id
GROUP BY u.full_name
ORDER BY total_transacoes DESC;
```

### Interpretando a Sa√≠da

```
Limit  (cost=1000.00..1000.05 rows=5 width=40)
  ->  Sort  (cost=1000.00..1000.05 rows=10 width=40)
        Sort Key: (count(*)) DESC
        ->  HashAggregate  (cost=900.00..910.00 rows=10 width=40)
              Group Key: u.full_name
              ->  Hash Join  (cost=100.00..800.00 rows=1000 width=32)
                    Hash Cond: (t.user_id = u.id)
                    ->  Seq Scan on transactions t  (cost=0.00..500.00 rows=10000 width=8)
                    ->  Hash  (cost=50.00..50.00 rows=100 width=32)
                          ->  Seq Scan on users u  (cost=0.00..50.00 rows=100 width=32)
```

**O que observar:**
- `cost` - Quanto recurso ser√° usado (estimado)
- `rows` - Quantas linhas passar√£o por cada etapa
- `Seq Scan` - Varredura sequencial (pode ser lenta com tabelas grandes)
- `Index Scan` - Varredura por √≠ndice (geralmente mais r√°pida)
- `Hash Join` vs `Nested Loop` - Diferentes estrat√©gias

## üî¥ Problemas Comuns

### 1. Full Table Scan Desnecess√°rio

```sql
-- ‚ùå Ruim: sem √≠ndice, varredura completa
EXPLAIN ANALYZE
SELECT * FROM users WHERE email = 'joao@example.com';
```

Solu√ß√£o: Criar √≠ndice
```sql
CREATE INDEX idx_users_email ON users(email);
```

### 2. JOIN Sem √çndice na Foreign Key

```sql
-- ‚ùå Ruim: sem √≠ndice em transactions.user_id
EXPLAIN ANALYZE
SELECT u.full_name, COUNT(*) 
FROM users u
JOIN transactions t ON u.id = t.user_id
GROUP BY u.full_name;
```

### 3. ORDER BY Sem √çndice

```sql
-- ‚ùå Ruim: sort lento
EXPLAIN ANALYZE
SELECT * FROM transactions 
ORDER BY created_at DESC 
LIMIT 100;
```

Solu√ß√£o:
```sql
CREATE INDEX idx_transactions_created_at DESC 
ON transactions(created_at DESC);
```

## ‚ö° Estrat√©gias de Otimiza√ß√£o

### 1. Use √çndices Apropriados
```sql
-- Indices em colunas de filtro
CREATE INDEX idx_transactions_user_id ON transactions(user_id);
CREATE INDEX idx_transactions_state ON transactions(location_state);
```

### 2. Evite C√°lculos em Colunas Indexadas
```sql
-- ‚ùå Ruim: n√£o usa √≠ndice
SELECT * FROM transactions 
WHERE EXTRACT(YEAR FROM created_at) = 2024;

-- ‚úÖ Melhor: usa √≠ndice se existir
SELECT * FROM transactions 
WHERE created_at >= '2024-01-01' AND created_at < '2025-01-01';
```

### 3. Use Aliases para Clareza
```sql
-- Mais f√°cil de ler e debugar
SELECT 
  u.id as user_id,
  u.full_name as nome_usuario,
  COUNT(t.id) as total_transacoes
FROM users u
LEFT JOIN transactions t ON u.id = t.user_id
GROUP BY u.id, u.full_name;
```

### 4. Considere Materialized Views para Agrega√ß√µes Pesadas
```sql
CREATE MATERIALIZED VIEW mv_transacoes_por_usuario AS
SELECT 
  user_id,
  COUNT(*) as total_transacoes,
  SUM(amount) as volume_total,
  AVG(amount) as valor_medio,
  MAX(created_at) as ultima_transacao
FROM transactions
GROUP BY user_id;

-- Depois consultar √© r√°pido
SELECT * FROM mv_transacoes_por_usuario 
WHERE total_transacoes > 100;
```

## üìà Benchmarking - Me√ßa Antes e Depois

```sql
-- Medir tempo de execu√ß√£o
\timing on

-- Sua query aqui
SELECT * FROM transactions WHERE user_id = 123;

-- Resultado: Tempo decorrido: XXX ms
```

## üéì Conceitos Importantes

**Seq Scan vs Index Scan:**
- Seq Scan: l√™ toda a tabela linearmente
- Index Scan: usa √≠ndice (geralmente mais r√°pido)
- √Äs vezes Seq Scan √© melhor em tabelas pequenas!

**Cost Model:**
- `cost=0.00..50.00` significa entre 0 e 50 unidades de custo
- Unidades s√£o relativas, n√£o em ms
- Ajuste com `seq_page_cost`, `random_page_cost`, etc.

**Selectivity:**
- Qu√£o poucos registros a query retorna?
- Alta selectivity (poucos registros) = √≠ndice √© bom
- Baixa selectivity (muitos registros) = full scan pode ser melhor

## üîß Varia√ß√£o: CTEs vs Subconsultas vs Window Functions

```sql
-- Mesmo resultado, diferente performance!

-- Op√ß√£o 1: CTE
WITH user_totals AS (
  SELECT user_id, COUNT(*) as cnt
  FROM transactions
  GROUP BY user_id
)
SELECT * FROM user_totals WHERE cnt > 100;

-- Op√ß√£o 2: Subconsulta
SELECT * FROM (
  SELECT user_id, COUNT(*) as cnt
  FROM transactions
  GROUP BY user_id
) t WHERE cnt > 100;

-- Op√ß√£o 3: Window Function + Filter
SELECT DISTINCT user_id 
FROM (
  SELECT user_id, COUNT(*) OVER (PARTITION BY user_id) as cnt
  FROM transactions
) t 
WHERE cnt > 100;
```

Use `EXPLAIN ANALYZE` para comparar!

## üí° Dica de Ouro

**Sempre otimize as piores queries primeiro!** Use:

```sql
-- Ver queries mais lentas (em alguns clientes como pgAdmin)
SELECT query, mean_exec_time, calls
FROM pg_stat_statements
ORDER BY mean_exec_time DESC
LIMIT 10;
```

---

**Pr√≥ximo**: V√° para os exerc√≠cios pr√°ticos!
